# JRE version: Java(TM) SE Runtime Environment (18.0.2.1+1) (build 18.0.2.1+1-1)
# Java VM: Java HotSpot(TM) 64-Bit Server VM (18.0.2.1+1-1, mixed mode, sharing, tiered, compressed oops, compressed class ptrs, g1 gc, windows-amd64)
GC Precious Log:
 CardTable entry size: 512
 Card Set container configuration: InlinePtr #cards 5 size 8 Array Of Cards #cards 12 size 40 Howl #buckets 4 coarsen threshold 1843 Howl Bitmap #cards 512 size 80 coarsen threshold 460 Card regions per heap region 1 cards per card region 2048
 CPUs: 12 total, 12 available
 Memory: 8060M
 Large Page Support: Disabled
 NUMA Support: Disabled
 Compressed Oops: Enabled (32-bit)
 Heap Region Size: 1M
 Heap Min Capacity: 8M
 Heap Initial Capacity: 126M
 Heap Max Capacity: 2G
 Pre-touch: Disabled
 Parallel Workers: 10
 Concurrent Workers: 3
 Concurrent Refinement Workers: 10
 Periodic GC: Disabled
Heap:
 garbage-first heap   total 86016K, used 26440K [0x0000000080000000, 0x0000000100000000)
  region size 1024K, 7 young (7168K), 6 survivors (6144K)
 Metaspace       used 29365K, committed 30464K, reserved 487424K
  class space    used 4213K, committed 4800K, reserved 421888K
GC Heap History (10 events):
Event: 3.749 GC heap before
{Heap before GC invocations=0 (full 0):
 garbage-first heap   total 129024K, used 26624K [0x0000000080000000, 0x0000000100000000)
  region size 1024K, 23 young (23552K), 0 survivors (0K)
 Metaspace       used 3023K, committed 3200K, reserved 487424K
  class space    used 375K, committed 448K, reserved 421888K
}
Event: 4.035 GC heap after
{Heap after GC invocations=1 (full 0):
 garbage-first heap   total 129024K, used 10051K [0x0000000080000000, 0x0000000100000000)
  region size 1024K, 3 young (3072K), 3 survivors (3072K)
 Metaspace       used 3023K, committed 3200K, reserved 487424K
  class space    used 375K, committed 448K, reserved 421888K
}
Event: 5.696 GC heap before
{Heap before GC invocations=1 (full 0):
 garbage-first heap   total 129024K, used 39747K [0x0000000080000000, 0x0000000100000000)
  region size 1024K, 32 young (32768K), 3 survivors (3072K)
 Metaspace       used 3989K, committed 4224K, reserved 487424K
  class space    used 473K, committed 576K, reserved 421888K
}
Event: 5.703 GC heap after
{Heap after GC invocations=2 (full 0):
 garbage-first heap   total 129024K, used 13687K [0x0000000080000000, 0x0000000100000000)
  region size 1024K, 4 young (4096K), 4 survivors (4096K)
 Metaspace       used 3989K, committed 4224K, reserved 487424K
  class space    used 473K, committed 576K, reserved 421888K
}
Event: 9.889 GC heap before
{Heap before GC invocations=2 (full 0):
 garbage-first heap   total 129024K, used 86391K [0x0000000080000000, 0x0000000100000000)
  region size 1024K, 75 young (76800K), 4 survivors (4096K)
 Metaspace       used 16993K, committed 17536K, reserved 487424K
  class space    used 2435K, committed 2688K, reserved 421888K
}
Event: 9.955 GC heap after
{Heap after GC invocations=3 (full 0):
 garbage-first heap   total 129024K, used 20804K [0x0000000080000000, 0x0000000100000000)
  region size 1024K, 10 young (10240K), 10 survivors (10240K)
 Metaspace       used 16993K, committed 17536K, reserved 487424K
  class space    used 2435K, committed 2688K, reserved 421888K
}
Event: 11.355 GC heap before
{Heap before GC invocations=3 (full 0):
 garbage-first heap   total 129024K, used 47428K [0x0000000080000000, 0x0000000100000000)
  region size 1024K, 37 young (37888K), 10 survivors (10240K)
 Metaspace       used 20745K, committed 21504K, reserved 487424K
  class space    used 3055K, committed 3456K, reserved 421888K
}
Event: 11.372 GC heap after
{Heap after GC invocations=4 (full 0):
 garbage-first heap   total 129024K, used 22699K [0x0000000080000000, 0x0000000100000000)
  region size 1024K, 3 young (3072K), 3 survivors (3072K)
 Metaspace       used 20745K, committed 21504K, reserved 487424K
  class space    used 3055K, committed 3456K, reserved 421888K
}
Event: 13.373 GC heap before
{Heap before GC invocations=5 (full 0):
 garbage-first heap   total 86016K, used 69803K [0x0000000080000000, 0x0000000100000000)
  region size 1024K, 50 young (51200K), 3 survivors (3072K)
 Metaspace       used 29296K, committed 30400K, reserved 487424K
  class space    used 4213K, committed 4800K, reserved 421888K
}
Event: 13.702 GC heap after
{Heap after GC invocations=6 (full 0):
 garbage-first heap   total 86016K, used 26440K [0x0000000080000000, 0x0000000100000000)
  region size 1024K, 6 young (6144K), 6 survivors (6144K)
 Metaspace       used 29296K, committed 30400K, reserved 487424K
  class space    used 4213K, committed 4800K, reserved 421888K
}

