# JRE version: Java(TM) SE Runtime Environment (18.0.2.1+1) (build 18.0.2.1+1-1)
# Java VM: Java HotSpot(TM) 64-Bit Server VM (18.0.2.1+1-1, mixed mode, sharing, tiered, compressed oops, compressed class ptrs, g1 gc, windows-amd64)
GC Precious Log:
 CardTable entry size: 512
 Card Set container configuration: InlinePtr #cards 5 size 8 Array Of Cards #cards 12 size 40 Howl #buckets 4 coarsen threshold 1843 Howl Bitmap #cards 512 size 80 coarsen threshold 460 Card regions per heap region 1 cards per card region 2048
 CPUs: 12 total, 12 available
 Memory: 8060M
 Large Page Support: Disabled
 NUMA Support: Disabled
 Compressed Oops: Enabled (32-bit)
 Heap Region Size: 1M
 Heap Min Capacity: 8M
 Heap Initial Capacity: 126M
 Heap Max Capacity: 2G
 Pre-touch: Disabled
 Parallel Workers: 10
 Concurrent Workers: 3
 Concurrent Refinement Workers: 10
 Periodic GC: Disabled
Heap:
 garbage-first heap   total 89088K, used 45503K [0x0000000080000000, 0x0000000100000000)
  region size 1024K, 25 young (25600K), 7 survivors (7168K)
 Metaspace       used 30446K, committed 31616K, reserved 487424K
  class space    used 4311K, committed 4928K, reserved 421888K
GC Heap History (10 events):
Event: 5.855 GC heap before
{Heap before GC invocations=0 (full 0):
 garbage-first heap   total 129024K, used 26624K [0x0000000080000000, 0x0000000100000000)
  region size 1024K, 23 young (23552K), 0 survivors (0K)
 Metaspace       used 2997K, committed 3136K, reserved 487424K
  class space    used 375K, committed 448K, reserved 421888K
}
Event: 6.362 GC heap after
{Heap after GC invocations=1 (full 0):
 garbage-first heap   total 129024K, used 10055K [0x0000000080000000, 0x0000000100000000)
  region size 1024K, 3 young (3072K), 3 survivors (3072K)
 Metaspace       used 2997K, committed 3136K, reserved 487424K
  class space    used 375K, committed 448K, reserved 421888K
}
Event: 8.693 GC heap before
{Heap before GC invocations=1 (full 0):
 garbage-first heap   total 129024K, used 37703K [0x0000000080000000, 0x0000000100000000)
  region size 1024K, 30 young (30720K), 3 survivors (3072K)
 Metaspace       used 3935K, committed 4160K, reserved 487424K
  class space    used 473K, committed 576K, reserved 421888K
}
Event: 8.700 GC heap after
{Heap after GC invocations=2 (full 0):
 garbage-first heap   total 129024K, used 12626K [0x0000000080000000, 0x0000000100000000)
  region size 1024K, 3 young (3072K), 3 survivors (3072K)
 Metaspace       used 3935K, committed 4160K, reserved 487424K
  class space    used 473K, committed 576K, reserved 421888K
}
Event: 27.415 GC heap before
{Heap before GC invocations=2 (full 0):
 garbage-first heap   total 129024K, used 86354K [0x0000000080000000, 0x0000000100000000)
  region size 1024K, 75 young (76800K), 3 survivors (3072K)
 Metaspace       used 16865K, committed 17408K, reserved 487424K
  class space    used 2406K, committed 2688K, reserved 421888K
}
Event: 27.432 GC heap after
{Heap after GC invocations=3 (full 0):
 garbage-first heap   total 129024K, used 20920K [0x0000000080000000, 0x0000000100000000)
  region size 1024K, 10 young (10240K), 10 survivors (10240K)
 Metaspace       used 16865K, committed 17408K, reserved 487424K
  class space    used 2406K, committed 2688K, reserved 421888K
}
Event: 28.849 GC heap before
{Heap before GC invocations=3 (full 0):
 garbage-first heap   total 129024K, used 47544K [0x0000000080000000, 0x0000000100000000)
  region size 1024K, 37 young (37888K), 10 survivors (10240K)
 Metaspace       used 20775K, committed 21504K, reserved 487424K
  class space    used 3054K, committed 3392K, reserved 421888K
}
Event: 28.862 GC heap after
{Heap after GC invocations=4 (full 0):
 garbage-first heap   total 129024K, used 22790K [0x0000000080000000, 0x0000000100000000)
  region size 1024K, 3 young (3072K), 3 survivors (3072K)
 Metaspace       used 20775K, committed 21504K, reserved 487424K
  class space    used 3054K, committed 3392K, reserved 421888K
}
Event: 31.455 GC heap before
{Heap before GC invocations=5 (full 0):
 garbage-first heap   total 89088K, used 71942K [0x0000000080000000, 0x0000000100000000)
  region size 1024K, 52 young (53248K), 3 survivors (3072K)
 Metaspace       used 30019K, committed 31168K, reserved 487424K
  class space    used 4268K, committed 4864K, reserved 421888K
}
Event: 31.712 GC heap after
{Heap after GC invocations=6 (full 0):
 garbage-first heap   total 89088K, used 28095K [0x0000000080000000, 0x0000000100000000)
  region size 1024K, 7 young (7168K), 7 survivors (7168K)
 Metaspace       used 30019K, committed 31168K, reserved 487424K
  class space    used 4268K, committed 4864K, reserved 421888K
}

