# JRE version: Java(TM) SE Runtime Environment (18.0.2.1+1) (build 18.0.2.1+1-1)
# Java VM: Java HotSpot(TM) 64-Bit Server VM (18.0.2.1+1-1, mixed mode, sharing, tiered, compressed oops, compressed class ptrs, g1 gc, windows-amd64)
GC Precious Log:
 CardTable entry size: 512
 Card Set container configuration: InlinePtr #cards 5 size 8 Array Of Cards #cards 12 size 40 Howl #buckets 4 coarsen threshold 1843 Howl Bitmap #cards 512 size 80 coarsen threshold 460 Card regions per heap region 1 cards per card region 2048
 CPUs: 12 total, 12 available
 Memory: 8060M
 Large Page Support: Disabled
 NUMA Support: Disabled
 Compressed Oops: Enabled (32-bit)
 Heap Region Size: 1M
 Heap Min Capacity: 8M
 Heap Initial Capacity: 126M
 Heap Max Capacity: 2G
 Pre-touch: Disabled
 Parallel Workers: 10
 Concurrent Workers: 3
 Concurrent Refinement Workers: 10
 Periodic GC: Disabled
Heap:
 garbage-first heap   total 86016K, used 62806K [0x0000000080000000, 0x0000000100000000)
  region size 1024K, 44 young (45056K), 4 survivors (4096K)
 Metaspace       used 26788K, committed 27904K, reserved 487424K
  class space    used 3935K, committed 4544K, reserved 421888K
GC Heap History (8 events):
Event: 6.569 GC heap before
{Heap before GC invocations=0 (full 0):
 garbage-first heap   total 129024K, used 26624K [0x0000000080000000, 0x0000000100000000)
  region size 1024K, 23 young (23552K), 0 survivors (0K)
 Metaspace       used 2993K, committed 3136K, reserved 487424K
  class space    used 375K, committed 448K, reserved 421888K
}
Event: 6.701 GC heap after
{Heap after GC invocations=1 (full 0):
 garbage-first heap   total 129024K, used 10085K [0x0000000080000000, 0x0000000100000000)
  region size 1024K, 3 young (3072K), 3 survivors (3072K)
 Metaspace       used 2993K, committed 3136K, reserved 487424K
  class space    used 375K, committed 448K, reserved 421888K
}
Event: 10.313 GC heap before
{Heap before GC invocations=1 (full 0):
 garbage-first heap   total 129024K, used 33637K [0x0000000080000000, 0x0000000100000000)
  region size 1024K, 26 young (26624K), 3 survivors (3072K)
 Metaspace       used 3897K, committed 4096K, reserved 487424K
  class space    used 473K, committed 576K, reserved 421888K
}
Event: 10.328 GC heap after
{Heap after GC invocations=2 (full 0):
 garbage-first heap   total 129024K, used 11134K [0x0000000080000000, 0x0000000100000000)
  region size 1024K, 1 young (1024K), 1 survivors (1024K)
 Metaspace       used 3897K, committed 4096K, reserved 487424K
  class space    used 473K, committed 576K, reserved 421888K
}
Event: 27.545 GC heap before
{Heap before GC invocations=2 (full 0):
 garbage-first heap   total 129024K, used 53118K [0x0000000080000000, 0x0000000100000000)
  region size 1024K, 42 young (43008K), 1 survivors (1024K)
 Metaspace       used 11463K, committed 11776K, reserved 487424K
  class space    used 1550K, committed 1664K, reserved 421888K
}
Event: 27.733 GC heap after
{Heap after GC invocations=3 (full 0):
 garbage-first heap   total 129024K, used 18969K [0x0000000080000000, 0x0000000100000000)
  region size 1024K, 6 young (6144K), 6 survivors (6144K)
 Metaspace       used 11463K, committed 11776K, reserved 487424K
  class space    used 1550K, committed 1664K, reserved 421888K
}
Event: 31.149 GC heap before
{Heap before GC invocations=3 (full 0):
 garbage-first heap   total 129024K, used 80409K [0x0000000080000000, 0x0000000100000000)
  region size 1024K, 67 young (68608K), 6 survivors (6144K)
 Metaspace       used 20800K, committed 21504K, reserved 487424K
  class space    used 3058K, committed 3392K, reserved 421888K
}
Event: 31.165 GC heap after
{Heap after GC invocations=4 (full 0):
 garbage-first heap   total 129024K, used 22870K [0x0000000080000000, 0x0000000100000000)
  region size 1024K, 4 young (4096K), 4 survivors (4096K)
 Metaspace       used 20800K, committed 21504K, reserved 487424K
  class space    used 3058K, committed 3392K, reserved 421888K
}

