# JRE version: Java(TM) SE Runtime Environment (18.0.2.1+1) (build 18.0.2.1+1-1)
# Java VM: Java HotSpot(TM) 64-Bit Server VM (18.0.2.1+1-1, mixed mode, sharing, tiered, compressed oops, compressed class ptrs, g1 gc, windows-amd64)
GC Precious Log:
 CardTable entry size: 512
 Card Set container configuration: InlinePtr #cards 5 size 8 Array Of Cards #cards 12 size 40 Howl #buckets 4 coarsen threshold 1843 Howl Bitmap #cards 512 size 80 coarsen threshold 460 Card regions per heap region 1 cards per card region 2048
 CPUs: 12 total, 12 available
 Memory: 8060M
 Large Page Support: Disabled
 NUMA Support: Disabled
 Compressed Oops: Enabled (32-bit)
 Heap Region Size: 1M
 Heap Min Capacity: 8M
 Heap Initial Capacity: 126M
 Heap Max Capacity: 2G
 Pre-touch: Disabled
 Parallel Workers: 10
 Concurrent Workers: 3
 Concurrent Refinement Workers: 10
 Periodic GC: Disabled
Heap:
 garbage-first heap   total 199680K, used 108517K [0x0000000080000000, 0x0000000100000000)
  region size 1024K, 1 young (1024K), 1 survivors (1024K)
 Metaspace       used 110140K, committed 112384K, reserved 552960K
  class space    used 14333K, committed 15488K, reserved 421888K
GC Heap History (20 events):
Event: 27.014 GC heap after
{Heap after GC invocations=34 (full 0):
 garbage-first heap   total 147456K, used 78698K [0x0000000080000000, 0x0000000100000000)
  region size 1024K, 3 young (3072K), 3 survivors (3072K)
 Metaspace       used 93497K, committed 95360K, reserved 552960K
  class space    used 11977K, committed 12928K, reserved 421888K
}
Event: 35.908 GC heap before
{Heap before GC invocations=34 (full 0):
 garbage-first heap   total 147456K, used 115562K [0x0000000080000000, 0x0000000100000000)
  region size 1024K, 40 young (40960K), 3 survivors (3072K)
 Metaspace       used 95478K, committed 97472K, reserved 552960K
  class space    used 12290K, committed 13312K, reserved 421888K
}
Event: 35.937 GC heap after
{Heap after GC invocations=35 (full 0):
 garbage-first heap   total 147456K, used 82602K [0x0000000080000000, 0x0000000100000000)
  region size 1024K, 6 young (6144K), 6 survivors (6144K)
 Metaspace       used 95478K, committed 97472K, reserved 552960K
  class space    used 12290K, committed 13312K, reserved 421888K
}
Event: 36.181 GC heap before
{Heap before GC invocations=36 (full 0):
 garbage-first heap   total 193536K, used 123562K [0x0000000080000000, 0x0000000100000000)
  region size 1024K, 45 young (46080K), 6 survivors (6144K)
 Metaspace       used 95684K, committed 97664K, reserved 552960K
  class space    used 12293K, committed 13312K, reserved 421888K
}
Event: 36.211 GC heap after
{Heap after GC invocations=37 (full 0):
 garbage-first heap   total 193536K, used 86420K [0x0000000080000000, 0x0000000100000000)
  region size 1024K, 4 young (4096K), 4 survivors (4096K)
 Metaspace       used 95684K, committed 97664K, reserved 552960K
  class space    used 12293K, committed 13312K, reserved 421888K
}
Event: 36.241 GC heap before
{Heap before GC invocations=37 (full 0):
 garbage-first heap   total 193536K, used 91540K [0x0000000080000000, 0x0000000100000000)
  region size 1024K, 9 young (9216K), 4 survivors (4096K)
 Metaspace       used 95699K, committed 97664K, reserved 552960K
  class space    used 12293K, committed 13312K, reserved 421888K
}
Event: 36.249 GC heap after
{Heap after GC invocations=38 (full 0):
 garbage-first heap   total 193536K, used 86298K [0x0000000080000000, 0x0000000100000000)
  region size 1024K, 1 young (1024K), 1 survivors (1024K)
 Metaspace       used 95699K, committed 97664K, reserved 552960K
  class space    used 12293K, committed 13312K, reserved 421888K
}
Event: 38.063 GC heap before
{Heap before GC invocations=38 (full 0):
 garbage-first heap   total 193536K, used 152858K [0x0000000080000000, 0x0000000100000000)
  region size 1024K, 67 young (68608K), 1 survivors (1024K)
 Metaspace       used 101661K, committed 103616K, reserved 552960K
  class space    used 13166K, committed 14208K, reserved 421888K
}
Event: 38.073 GC heap after
{Heap after GC invocations=39 (full 0):
 garbage-first heap   total 193536K, used 90872K [0x0000000080000000, 0x0000000100000000)
  region size 1024K, 6 young (6144K), 6 survivors (6144K)
 Metaspace       used 101661K, committed 103616K, reserved 552960K
  class space    used 13166K, committed 14208K, reserved 421888K
}
Event: 38.289 GC heap before
{Heap before GC invocations=39 (full 0):
 garbage-first heap   total 193536K, used 102136K [0x0000000080000000, 0x0000000100000000)
  region size 1024K, 17 young (17408K), 6 survivors (6144K)
 Metaspace       used 101864K, committed 103936K, reserved 552960K
  class space    used 13185K, committed 14272K, reserved 421888K
}
Event: 38.314 GC heap after
{Heap after GC invocations=40 (full 0):
 garbage-first heap   total 193536K, used 94295K [0x0000000080000000, 0x0000000100000000)
  region size 1024K, 2 young (2048K), 2 survivors (2048K)
 Metaspace       used 101864K, committed 103936K, reserved 552960K
  class space    used 13185K, committed 14272K, reserved 421888K
}
Event: 39.230 GC heap before
{Heap before GC invocations=41 (full 0):
 garbage-first heap   total 193536K, used 158807K [0x0000000080000000, 0x0000000100000000)
  region size 1024K, 61 young (62464K), 2 survivors (2048K)
 Metaspace       used 109145K, committed 111360K, reserved 552960K
  class space    used 14257K, committed 15424K, reserved 421888K
}
Event: 39.234 GC heap after
{Heap after GC invocations=42 (full 0):
 garbage-first heap   total 193536K, used 102708K [0x0000000080000000, 0x0000000100000000)
  region size 1024K, 6 young (6144K), 6 survivors (6144K)
 Metaspace       used 109145K, committed 111360K, reserved 552960K
  class space    used 14257K, committed 15424K, reserved 421888K
}
Event: 39.322 GC heap before
{Heap before GC invocations=42 (full 0):
 garbage-first heap   total 193536K, used 105780K [0x0000000080000000, 0x0000000100000000)
  region size 1024K, 9 young (9216K), 6 survivors (6144K)
 Metaspace       used 109533K, committed 111680K, reserved 552960K
  class space    used 14308K, committed 15424K, reserved 421888K
}
Event: 39.333 GC heap after
{Heap after GC invocations=43 (full 0):
 garbage-first heap   total 193536K, used 100049K [0x0000000080000000, 0x0000000100000000)
  region size 1024K, 1 young (1024K), 1 survivors (1024K)
 Metaspace       used 109533K, committed 111680K, reserved 552960K
  class space    used 14308K, committed 15424K, reserved 421888K
}
Event: 39.713 GC heap before
{Heap before GC invocations=43 (full 0):
 garbage-first heap   total 193536K, used 156369K [0x0000000080000000, 0x0000000100000000)
  region size 1024K, 57 young (58368K), 1 survivors (1024K)
 Metaspace       used 109986K, committed 112192K, reserved 552960K
  class space    used 14331K, committed 15488K, reserved 421888K
}
Event: 39.722 GC heap after
{Heap after GC invocations=44 (full 0):
 garbage-first heap   total 193536K, used 111955K [0x0000000080000000, 0x0000000100000000)
  region size 1024K, 8 young (8192K), 8 survivors (8192K)
 Metaspace       used 109986K, committed 112192K, reserved 552960K
  class space    used 14331K, committed 15488K, reserved 421888K
}
Event: 39.881 GC heap before
{Heap before GC invocations=45 (full 0):
 garbage-first heap   total 199680K, used 157011K [0x0000000080000000, 0x0000000100000000)
  region size 1024K, 51 young (52224K), 8 survivors (8192K)
 Metaspace       used 110140K, committed 112384K, reserved 552960K
  class space    used 14333K, committed 15488K, reserved 421888K
}
Event: 39.888 GC heap after
{Heap after GC invocations=46 (full 0):
 garbage-first heap   total 199680K, used 116682K [0x0000000080000000, 0x0000000100000000)
  region size 1024K, 5 young (5120K), 5 survivors (5120K)
 Metaspace       used 110140K, committed 112384K, reserved 552960K
  class space    used 14333K, committed 15488K, reserved 421888K
}
Event: 39.899 GC heap before
{Heap before GC invocations=46 (full 0):
 garbage-first heap   total 199680K, used 120778K [0x0000000080000000, 0x0000000100000000)
  region size 1024K, 9 young (9216K), 5 survivors (5120K)
 Metaspace       used 110140K, committed 112384K, reserved 552960K
  class space    used 14333K, committed 15488K, reserved 421888K
}

